#
# A fatal error has been detected by the Java Runtime Environment:
#
#  EXCEPTION_ACCESS_VIOLATION (0xc0000005) at pc=0x00007fface420f1a, pid=20844, tid=14952
#
# JRE version: Java(TM) SE Runtime Environment (18.0.2+9) (build 18.0.2+9-61)
# Java VM: Java HotSpot(TM) 64-Bit Server VM (18.0.2+9-61, mixed mode, sharing, tiered, compressed oops, compressed class ptrs, g1 gc, windows-amd64)
# Problematic frame:
# V  [jvm.dll+0x760f1a]
#
# No core dump will be written. Minidumps are not enabled by default on client versions of Windows
#
# If you would like to submit a bug report, please visit:
#   https://bugreport.java.com/bugreport/crash.jsp
#

---------------  S U M M A R Y ------------

Command Line: -XX:+ShowCodeDetailsInExceptionMessages -agentlib:jdwp=transport=dt_socket,suspend=y,address=localhost:49825 -ea -javaagent:C:\tools\eclipsejee\eclipse\configuration\org.eclipse.osgi\407\0\.cp\lib\javaagent-shaded.jar -Dfile.encoding=UTF-8 org.eclipse.jdt.internal.junit.runner.RemoteTestRunner -version 3 -port 49824 -testLoaderClass org.eclipse.jdt.internal.junit4.runner.JUnit4TestLoader -loaderpluginname org.eclipse.jdt.junit4.runtime -classNames oliviaproject.chessboard.pgn.PGNReaderTest

Host: Intel(R) Core(TM) i7-10610U CPU @ 1.80GHz, 8 cores, 47G,  Windows 10 , 64 bit Build 19041 (10.0.19041.1889)
Time: Sat Aug 20 12:16:31 2022 Romance Daylight Time elapsed time: 746.541297 seconds (0d 0h 12m 26s)

---------------  T H R E A D  ---------------

Current thread (0x000001b26c1c79e0):  JavaThread "JDWP Transport Listener: dt_socket" daemon [_thread_in_vm, id=14952, stack(0x0000000bc0200000,0x0000000bc0300000)]

Stack: [0x0000000bc0200000,0x0000000bc0300000],  sp=0x0000000bc02ff8e0,  free space=1022k
Native frames: (J=compiled Java code, j=interpreted, Vv=VM code, C=native code)
V  [jvm.dll+0x760f1a]
V  [jvm.dll+0x52c54c]
V  [jvm.dll+0x4f3d5b]
C  [jdwp.dll+0x230a7]


siginfo: EXCEPTION_ACCESS_VIOLATION (0xc0000005), reading address 0x000000000034000e


Register to memory mapping:

RIP=0x00007fface420f1a jvm.dll
RAX=0x0000000000000033 is an unknown value
RBX=0x000001b2653c8a6c points into unknown readable memory: 00 00 00 00
RCX=0x000000000034000a is an unknown value
RDX=0x000001b26cfec920 points into unknown readable memory: 0x70616976696c6f4c | 4c 6f 6c 69 76 69 61 70
RSP=0x0000000bc02ff8e0 is pointing into the stack for thread: 0x000001b26c1c79e0
RBP=0x000001b26c19d330 points into unknown readable memory: 0x0000001700000002 | 02 00 00 00 17 00 00 00
RSI=0x0 is NULL
RDI=0xffffffffffffffff is an unknown value
R8 =0x0000000000000191 is an unknown value
R9 =0x0000000000000040 is an unknown value
R10=0x0000000000000180 is an unknown value
R11=0x0000000bc02ff900 is pointing into the stack for thread: 0x000001b26c1c79e0
R12=0x0000000bc02ffa38 is pointing into the stack for thread: 0x000001b26c1c79e0
R13=0x0 is NULL
R14=0x0000000800caeff0 is a pointer to class: 
oliviaproject.chessboard.pgn.convertor.Convertors {0x0000000800caeff8}
 - instance size:     2
 - klass size:        128
 - access:            public synchronized 
 - state:             fully_initialized
 - name:              'oliviaproject/chessboard/pgn/convertor/Convertors'
 - super:             'java/util/HashSet'
 - sub:               
 - arrays:            NULL
 - methods:           Array<T>(0x000001b268669e08)
 - method ordering:   Array<T>(0x000001b268669b00)
 - default_methods:   Array<T>(0x000001b268668a80)
 - default vtable indices:   Array<T>(0x000001b268668ab0)
 - local interfaces:  Array<T>(0x00000008005bd0d8)
 - trans. interfaces: Array<T>(0x0000000800712598)
 - constants:         constant pool [93] {0x000001b268b03008} for 'oliviaproject/chessboard/pgn/convertor/Convertors' cache=0x000001b268b09a78
 - class loader data:  loader data: 0x000001b265371900 for instance a 'jdk/internal/loader/ClassLoaders$AppClassLoader'{0x0000000531818000}
 - source file:       'Convertors.java'
 - source debug extension:       SMAP
Convertors.java
Java
*S jdt
*F
1 Convertors.java
2 file:/C:/Users/HaoNguyen/workspace/HAO/2021/onChessboard/bin/main/
*L
*E

 - class annotations:       Array<T>(0x0000000000000000)
 - class type annotations:  Array<T>(0x0000000000000000)
 - field annotations:       Array<T>(0x0000000000000000)
 - field type annotations:  Array<T>(0x0000000000000000)
 - generic signature: '
[error occurred during error reporting (printing register info), id 0xc0000005, EXCEPTION_ACCESS_VIOLATION (0xc0000005) at pc=0x00007fface421b26]

Registers:
RAX=0x0000000000000033, RBX=0x000001b2653c8a6c, RCX=0x000000000034000a, RDX=0x000001b26cfec920
RSP=0x0000000bc02ff8e0, RBP=0x000001b26c19d330, RSI=0x0000000000000000, RDI=0xffffffffffffffff
R8 =0x0000000000000191, R9 =0x0000000000000040, R10=0x0000000000000180, R11=0x0000000bc02ff900
R12=0x0000000bc02ffa38, R13=0x0000000000000000, R14=0x0000000800caeff0, R15=0x0000000bc02ffa88
RIP=0x00007fface420f1a, EFLAGS=0x0000000000010202

Top of Stack: (sp=0x0000000bc02ff8e0)
0x0000000bc02ff8e0:   0000000000000031 0000000800caeff0
0x0000000bc02ff8f0:   000001b26c1c79e0 0000000000000000
0x0000000bc02ff900:   ffffffffffffffff 00007fface1ec54c
0x0000000bc02ff910:   000001b2653c8a6c 000001b26c19d330
0x0000000bc02ff920:   0000000000000000 000001b26c1c7c70
0x0000000bc02ff930:   000001b2653c89f0 00000000000003d8
0x0000000bc02ff940:   000001b2653c8a00 000001b2653c8dd8
0x0000000bc02ff950:   0000000000000002 0000000bc02ffa38
0x0000000bc02ff960:   0000000000000000 0000000000000000
0x0000000bc02ff970:   0000000531913278 00007fface1b3d5b
0x0000000bc02ff980:   000001b26c1c79e0 0000000bc02ffa88
0x0000000bc02ff990:   000001b22fcfb720 0000000bc02ffa88
0x0000000bc02ff9a0:   000001b26c1c79e0 0000000000000000
0x0000000bc02ff9b0:   000001b200000000 0000000000000000
0x0000000bc02ff9c0:   000000000000000d 00007ffadd5d30a7
0x0000000bc02ff9d0:   0000000bc02ffa80 00007ffadd5e1718 

Instructions: (pc=0x00007fface420f1a)
0x00007fface420e1a:   48 8b f8 48 85 db 74 08 48 8b cb e8 e6 ac f0 ff
0x00007fface420e2a:   48 8b 5c 24 30 48 8b c7 48 83 c4 20 5f c3 8d 42
0x00007fface420e3a:   06 83 ff 02 b9 08 00 00 00 0f 4e c1 45 33 c0 48
0x00007fface420e4a:   63 c8 48 83 c1 07 83 e1 f8 48 63 c9 41 8d 50 0b
0x00007fface420e5a:   48 83 c4 20 5f e9 cc 22 95 ff cc cc cc cc cc cc
0x00007fface420e6a:   cc cc cc cc cc cc 83 fa 02 8d 42 06 b9 08 00 00
0x00007fface420e7a:   00 4d 8b c8 0f 4e c1 48 63 c8 49 8b 40 18 48 83
0x00007fface420e8a:   c1 07 83 e1 f8 48 63 d1 49 8b 48 20 48 2b c8 48
0x00007fface420e9a:   3b ca 72 09 48 8d 0c 10 49 89 48 18 c3 45 33 c0
0x00007fface420eaa:   49 8b c9 e9 ae 80 95 ff cc cc cc cc cc cc cc cc
0x00007fface420eba:   cc cc cc cc cc cc 4c 8b d2 4c 8b d9 45 85 c0 7e
0x00007fface420eca:   3c 44 0f b7 49 04 41 8d 40 ff 41 3b c1 44 0f 4c
0x00007fface420eda:   c8 4d 63 c1 45 85 c9 7e 1f 48 8b c2 4c 2b da 49
0x00007fface420eea:   8b d0 0f 1f 40 00 41 0f b6 4c 03 06 88 08 48 8d
0x00007fface420efa:   40 01 48 83 ea 01 75 ee 43 c6 04 10 00 49 8b c2
0x00007fface420f0a:   c3 cc cc cc cc cc 48 89 5c 24 08 57 48 83 ec 20
0x00007fface420f1a:   0f b7 59 04 48 8b f9 33 d2 48 8d 4b 01 e8 e4 d3
0x00007fface420f2a:   f8 ff 0f b7 57 04 4c 8b c0 3b da 0f 42 d3 44 8b
0x00007fface420f3a:   ca 85 d2 74 39 48 2b f8 0f 1f 40 00 66 66 0f 1f
0x00007fface420f4a:   84 00 00 00 00 00 0f b6 4c 07 06 88 08 48 ff c0
0x00007fface420f5a:   48 8b c8 49 2b c8 49 3b c9 7c eb 42 c6 04 02 00
0x00007fface420f6a:   49 8b c0 48 8b 5c 24 30 48 83 c4 20 5f c3 48 8b
0x00007fface420f7a:   5c 24 30 c6 04 02 00 48 83 c4 20 5f c3 cc cc cc
0x00007fface420f8a:   cc cc cc cc cc cc 4c 8b d1 45 85 c0 7e 6c 44 0f
0x00007fface420f9a:   b7 49 04 41 8d 40 ff 41 3b c1 44 0f 4c c8 4d 63
0x00007fface420faa:   d9 45 85 c9 7e 22 48 8b ca 4c 2b d2 4d 8b c3 0f
0x00007fface420fba:   1f 80 00 00 00 00 41 0f b6 44 0a 06 88 01 48 8d
0x00007fface420fca:   49 01 49 83 e8 01 75 ee 41 c6 04 13 00 48 c7 c0
0x00007fface420fda:   ff ff ff ff 66 90 48 ff c0 80 3c 02 00 75 f7 48
0x00007fface420fea:   63 c8 85 c0 48 8b c2 7e 14 80 38 2f 75 03 c6 00
0x00007fface420ffa:   2e 48 ff c0 48 83 e9 01 75 ef 48 8b c2 c3 cc cc
0x00007fface42100a:   cc cc cc cc cc cc 48 83 ec 28 e8 f7 fe ff ff 4c 


Stack slot to memory mapping:
stack at sp + 0 slots: 0x0000000000000031 is an unknown value
stack at sp + 1 slots: 0x0000000800caeff0 is a pointer to class: 
oliviaproject.chessboard.pgn.convertor.Convertors {0x0000000800caeff8}
 - instance size:     2
 - klass size:        128
 - access:            public synchronized 
 - state:             fully_initialized
 - name:              'oliviaproject/chessboard/pgn/convertor/Convertors'
 - super:             'java/util/HashSet'
 - sub:               
 - arrays:            NULL
 - methods:           Array<T>(0x000001b268669e08)
 - method ordering:   Array<T>(0x000001b268669b00)
 - default_methods:   Array<T>(0x000001b268668a80)
 - default vtable indices:   Array<T>(0x000001b268668ab0)
 - local interfaces:  Array<T>(0x00000008005bd0d8)
 - trans. interfaces: Array<T>(0x0000000800712598)
 - constants:         constant pool [93] {0x000001b268b03008} for 'oliviaproject/chessboard/pgn/convertor/Convertors' cache=0x000001b268b09a78
 - class loader data:  loader data: 0x000001b265371900 for instance a 'jdk/internal/loader/ClassLoaders$AppClassLoader'{0x0000000531818000}
 - source file:       'Convertors.java'
 - source debug extension:       SMAP
Convertors.java
Java
*S jdt
*F
1 Convertors.java
2 file:/C:/Users/HaoNguyen/workspace/HAO/2021/onChessboard/bin/main/
*L
*E

 - class annotations:       Array<T>(0x0000000000000000)
 - class type annotations:  Array<T>(0x0000000000000000)
 - field annotations:       Array<T>(0x0000000000000000)
 - field type annotations:  Array<T>(0x0000000000000000)
 - generic signature: '
[error occurred during error reporting (inspecting top of stack), id 0xc0000005, EXCEPTION_ACCESS_VIOLATION (0xc0000005) at pc=0x00007fface421b26]


---------------  P R O C E S S  ---------------

Threads class SMR info:
_java_thread_list=0x000001b26c90a070, length=18, elements={
0x000001b231fdbe40, 0x000001b26537d360, 0x000001b26537e010, 0x000001b26539a820,
0x000001b26539b0d0, 0x000001b26539bed0, 0x000001b26539fdc0, 0x000001b2653a8af0,
0x000001b2653ab530, 0x000001b26c008070, 0x000001b26c09e5d0, 0x000001b26c1c79e0,
0x000001b26c199cd0, 0x000001b26c19c4c0, 0x000001b26c943fb0, 0x000001b26c84d7d0,
0x000001b26d082450, 0x000001b26d1484d0
}

Java Threads: ( => current thread )
  0x000001b231fdbe40 JavaThread "main" [_thread_blocked, id=20820, stack(0x0000000bbf100000,0x0000000bbf200000)]
  0x000001b26537d360 JavaThread "Reference Handler" daemon [_thread_blocked, id=1856, stack(0x0000000bbf800000,0x0000000bbf900000)]
  0x000001b26537e010 JavaThread "Finalizer" daemon [_thread_blocked, id=8420, stack(0x0000000bbf900000,0x0000000bbfa00000)]
  0x000001b26539a820 JavaThread "Signal Dispatcher" daemon [_thread_blocked, id=23316, stack(0x0000000bbfa00000,0x0000000bbfb00000)]
  0x000001b26539b0d0 JavaThread "Attach Listener" daemon [_thread_blocked, id=16848, stack(0x0000000bbfb00000,0x0000000bbfc00000)]
  0x000001b26539bed0 JavaThread "Service Thread" daemon [_thread_blocked, id=7188, stack(0x0000000bbfc00000,0x0000000bbfd00000)]
  0x000001b26539fdc0 JavaThread "Monitor Deflation Thread" daemon [_thread_blocked, id=18304, stack(0x0000000bbfd00000,0x0000000bbfe00000)]
  0x000001b2653a8af0 JavaThread "C2 CompilerThread0" daemon [_thread_blocked, id=6020, stack(0x0000000bbfe00000,0x0000000bbff00000)]
  0x000001b2653ab530 JavaThread "C1 CompilerThread0" daemon [_thread_blocked, id=3060, stack(0x0000000bbff00000,0x0000000bc0000000)]
  0x000001b26c008070 JavaThread "Sweeper thread" daemon [_thread_blocked, id=5368, stack(0x0000000bc0000000,0x0000000bc0100000)]
  0x000001b26c09e5d0 JavaThread "Common-Cleaner" daemon [_thread_blocked, id=264, stack(0x0000000bc0100000,0x0000000bc0200000)]
=>0x000001b26c1c79e0 JavaThread "JDWP Transport Listener: dt_socket" daemon [_thread_in_vm, id=14952, stack(0x0000000bc0200000,0x0000000bc0300000)]
  0x000001b26c199cd0 JavaThread "JDWP Event Helper Thread" daemon [_thread_blocked, id=21948, stack(0x0000000bc0300000,0x0000000bc0400000)]
  0x000001b26c19c4c0 JavaThread "JDWP Command Reader" daemon [_thread_in_native, id=21040, stack(0x0000000bc0400000,0x0000000bc0500000)]
  0x000001b26c943fb0 JavaThread "Notification Thread" daemon [_thread_blocked, id=2992, stack(0x0000000bc0600000,0x0000000bc0700000)]
  0x000001b26c84d7d0 JavaThread "ReaderThread" [_thread_in_native, id=15664, stack(0x0000000bc0800000,0x0000000bc0900000)]
  0x000001b26d082450 JavaThread "Java2D Disposer" daemon [_thread_blocked, id=3856, stack(0x0000000bc1000000,0x0000000bc1100000)]
  0x000001b26d1484d0 JavaThread "AWT-Windows" daemon [_thread_in_native, id=22956, stack(0x0000000bc1200000,0x0000000bc1300000)]

Other Threads:
  0x000001b232084f20 VMThread "VM Thread" [stack: 0x0000000bbf700000,0x0000000bbf800000] [id=14328]
  0x000001b231fdccf0 WatcherThread "VM Periodic Task Thread" [stack: 0x0000000bc0700000,0x0000000bc0800000] [id=16956]
  0x000001b23206abd0 WorkerThread "GC Thread#0" [stack: 0x0000000bbf200000,0x0000000bbf300000] [id=10828]
  0x000001b26cfbf450 WorkerThread "GC Thread#1" [stack: 0x0000000bc0900000,0x0000000bc0a00000] [id=6692]
  0x000001b26cfc54c0 WorkerThread "GC Thread#2" [stack: 0x0000000bc0a00000,0x0000000bc0b00000] [id=10560]
  0x000001b26cfc5760 WorkerThread "GC Thread#3" [stack: 0x0000000bc0b00000,0x0000000bc0c00000] [id=16648]
  0x000001b26cfc0740 WorkerThread "GC Thread#4" [stack: 0x0000000bc0c00000,0x0000000bc0d00000] [id=14716]
  0x000001b26cfc09e0 WorkerThread "GC Thread#5" [stack: 0x0000000bc0d00000,0x0000000bc0e00000] [id=16868]
  0x000001b26cfdd580 WorkerThread "GC Thread#6" [stack: 0x0000000bc0e00000,0x0000000bc0f00000] [id=4804]
  0x000001b26cfdd820 WorkerThread "GC Thread#7" [stack: 0x0000000bc0f00000,0x0000000bc1000000] [id=3368]
  0x000001b2320790c0 ConcurrentGCThread "G1 Main Marker" [stack: 0x0000000bbf300000,0x0000000bbf400000] [id=9896]
  0x000001b2320799c0 WorkerThread "G1 Conc#0" [stack: 0x0000000bbf400000,0x0000000bbf500000] [id=22204]
  0x000001b265232520 ConcurrentGCThread "G1 Refine#0" [stack: 0x0000000bbf500000,0x0000000bbf600000] [id=20504]
  0x000001b265232d40 ConcurrentGCThread "G1 Service" [stack: 0x0000000bbf600000,0x0000000bbf700000] [id=10876]

Threads with active compile tasks:

VM state: not at safepoint (normal execution)

VM Mutex/Monitor currently owned by a thread: None

Heap address: 0x0000000504000000, size: 12224 MB, Compressed Oops mode: Zero based, Oop shift amount: 3

CDS archive(s) mapped at: [0x0000000800000000-0x0000000800ba0000-0x0000000800ba0000), size 12189696, SharedBaseAddress: 0x0000000800000000, ArchiveRelocationMode: 0.
Compressed class space mapped at: 0x0000000800c00000-0x0000000840c00000, reserved size: 1073741824
Narrow klass base: 0x0000000800000000, Narrow klass shift: 0, Narrow klass range: 0x100000000

GC Precious Log:
 CardTable entry size: 512
 Card Set container configuration: InlinePtr #cards 4 size 8 Array Of Cards #cards 64 size 144 Howl #buckets 8 coarsen threshold 14745 Howl Bitmap #cards 2048 size 272 coarsen threshold 1843 Card regions per heap region 1 cards per card region 16384
 CPUs: 8 total, 8 available
 Memory: 48874M
 Large Page Support: Disabled
 NUMA Support: Disabled
 Compressed Oops: Enabled (Zero based)
 Heap Region Size: 8M
 Heap Min Capacity: 8M
 Heap Initial Capacity: 768M
 Heap Max Capacity: 12224M
 Pre-touch: Disabled
 Parallel Workers: 8
 Concurrent Workers: 2
 Concurrent Refinement Workers: 8
 Periodic GC: Disabled

Heap:
 garbage-first heap   total 786432K, used 14863K [0x0000000504000000, 0x0000000800000000)
  region size 8192K, 3 young (24576K), 1 survivors (8192K)
 Metaspace       used 12192K, committed 12416K, reserved 1114112K
  class space    used 1266K, committed 1408K, reserved 1048576K

Heap Regions: E=young(eden), S=young(survivor), O=old, HS=humongous(starts), HC=humongous(continues), CS=collection set, F=free, OA=open archive, CA=closed archive, TAMS=top-at-mark-start (previous, next)
|   0|0x0000000504000000, 0x0000000504000000, 0x0000000504800000|  0%| F|  |TAMS 0x0000000504000000, 0x0000000504000000| Untracked 
|   1|0x0000000504800000, 0x0000000504800000, 0x0000000505000000|  0%| F|  |TAMS 0x0000000504800000, 0x0000000504800000| Untracked 
|   2|0x0000000505000000, 0x0000000505000000, 0x0000000505800000|  0%| F|  |TAMS 0x0000000505000000, 0x0000000505000000| Untracked 
|   3|0x0000000505800000, 0x0000000505800000, 0x0000000506000000|  0%| F|  |TAMS 0x0000000505800000, 0x0000000505800000| Untracked 
|   4|0x0000000506000000, 0x0000000506000000, 0x0000000506800000|  0%| F|  |TAMS 0x0000000506000000, 0x0000000506000000| Untracked 
|   5|0x0000000506800000, 0x0000000506800000, 0x0000000507000000|  0%| F|  |TAMS 0x0000000506800000, 0x0000000506800000| Untracked 
|   6|0x0000000507000000, 0x0000000507000000, 0x0000000507800000|  0%| F|  |TAMS 0x0000000507000000, 0x0000000507000000| Untracked 
|   7|0x0000000507800000, 0x0000000507800000, 0x0000000508000000|  0%| F|  |TAMS 0x0000000507800000, 0x0000000507800000| Untracked 
|   8|0x0000000508000000, 0x0000000508000000, 0x0000000508800000|  0%| F|  |TAMS 0x0000000508000000, 0x0000000508000000| Untracked 
|   9|0x0000000508800000, 0x0000000508800000, 0x0000000509000000|  0%| F|  |TAMS 0x0000000508800000, 0x0000000508800000| Untracked 
|  10|0x0000000509000000, 0x0000000509000000, 0x0000000509800000|  0%| F|  |TAMS 0x0000000509000000, 0x0000000509000000| Untracked 
|  11|0x0000000509800000, 0x0000000509800000, 0x000000050a000000|  0%| F|  |TAMS 0x0000000509800000, 0x0000000509800000| Untracked 
|  12|0x000000050a000000, 0x000000050a000000, 0x000000050a800000|  0%| F|  |TAMS 0x000000050a000000, 0x000000050a000000| Untracked 
|  13|0x000000050a800000, 0x000000050a800000, 0x000000050b000000|  0%| F|  |TAMS 0x000000050a800000, 0x000000050a800000| Untracked 
|  14|0x000000050b000000, 0x000000050b000000, 0x000000050b800000|  0%| F|  |TAMS 0x000000050b000000, 0x000000050b000000| Untracked 
|  15|0x000000050b800000, 0x000000050b800000, 0x000000050c000000|  0%| F|  |TAMS 0x000000050b800000, 0x000000050b800000| Untracked 
|  16|0x000000050c000000, 0x000000050c000000, 0x000000050c800000|  0%| F|  |TAMS 0x000000050c000000, 0x000000050c000000| Untracked 
|  17|0x000000050c800000, 0x000000050c800000, 0x000000050d000000|  0%| F|  |TAMS 0x000000050c800000, 0x000000050c800000| Untracked 
|  18|0x000000050d000000, 0x000000050d000000, 0x000000050d800000|  0%| F|  |TAMS 0x000000050d000000, 0x000000050d000000| Untracked 
|  19|0x000000050d800000, 0x000000050d800000, 0x000000050e000000|  0%| F|  |TAMS 0x000000050d800000, 0x000000050d800000| Untracked 
|  20|0x000000050e000000, 0x000000050e000000, 0x000000050e800000|  0%| F|  |TAMS 0x000000050e000000, 0x000000050e000000| Untracked 
|  21|0x000000050e800000, 0x000000050e800000, 0x000000050f000000|  0%| F|  |TAMS 0x000000050e800000, 0x000000050e800000| Untracked 
|  22|0x000000050f000000, 0x000000050f000000, 0x000000050f800000|  0%| F|  |TAMS 0x000000050f000000, 0x000000050f000000| Untracked 
|  23|0x000000050f800000, 0x000000050f800000, 0x0000000510000000|  0%| F|  |TAMS 0x000000050f800000, 0x000000050f800000| Untracked 
|  24|0x0000000510000000, 0x0000000510000000, 0x0000000510800000|  0%| F|  |TAMS 0x0000000510000000, 0x0000000510000000| Untracked 
|  25|0x0000000510800000, 0x0000000510800000, 0x0000000511000000|  0%| F|  |TAMS 0x0000000510800000, 0x0000000510800000| Untracked 
|  26|0x0000000511000000, 0x0000000511000000, 0x0000000511800000|  0%| F|  |TAMS 0x0000000511000000, 0x0000000511000000| Untracked 
|  27|0x0000000511800000, 0x0000000511800000, 0x0000000512000000|  0%| F|  |TAMS 0x0000000511800000, 0x0000000511800000| Untracked 
|  28|0x0000000512000000, 0x0000000512000000, 0x0000000512800000|  0%| F|  |TAMS 0x0000000512000000, 0x0000000512000000| Untracked 
|  29|0x0000000512800000, 0x0000000512800000, 0x0000000513000000|  0%| F|  |TAMS 0x0000000512800000, 0x0000000512800000| Untracked 
|  30|0x0000000513000000, 0x0000000513000000, 0x0000000513800000|  0%| F|  |TAMS 0x0000000513000000, 0x0000000513000000| Untracked 
|  31|0x0000000513800000, 0x0000000513800000, 0x0000000514000000|  0%| F|  |TAMS 0x0000000513800000, 0x0000000513800000| Untracked 
|  32|0x0000000514000000, 0x0000000514000000, 0x0000000514800000|  0%| F|  |TAMS 0x0000000514000000, 0x0000000514000000| Untracked 
|  33|0x0000000514800000, 0x0000000514800000, 0x0000000515000000|  0%| F|  |TAMS 0x0000000514800000, 0x0000000514800000| Untracked 
|  34|0x0000000515000000, 0x0000000515000000, 0x0000000515800000|  0%| F|  |TAMS 0x0000000515000000, 0x0000000515000000| Untracked 
|  35|0x0000000515800000, 0x0000000515800000, 0x0000000516000000|  0%| F|  |TAMS 0x0000000515800000, 0x0000000515800000| Untracked 
|  36|0x0000000516000000, 0x0000000516000000, 0x0000000516800000|  0%| F|  |TAMS 0x0000000516000000, 0x0000000516000000| Untracked 
|  37|0x0000000516800000, 0x0000000516800000, 0x0000000517000000|  0%| F|  |TAMS 0x0000000516800000, 0x0000000516800000| Untracked 
|  38|0x0000000517000000, 0x0000000517000000, 0x0000000517800000|  0%| F|  |TAMS 0x0000000517000000, 0x0000000517000000| Untracked 
|  39|0x0000000517800000, 0x0000000517800000, 0x0000000518000000|  0%| F|  |TAMS 0x0000000517800000, 0x0000000517800000| Untracked 
|  40|0x0000000518000000, 0x0000000518000000, 0x0000000518800000|  0%| F|  |TAMS 0x0000000518000000, 0x0000000518000000| Untracked 
|  41|0x0000000518800000, 0x0000000518800000, 0x0000000519000000|  0%| F|  |TAMS 0x0000000518800000, 0x0000000518800000| Untracked 
|  42|0x0000000519000000, 0x0000000519000000, 0x0000000519800000|  0%| F|  |TAMS 0x0000000519000000, 0x0000000519000000| Untracked 
|  43|0x0000000519800000, 0x0000000519800000, 0x000000051a000000|  0%| F|  |TAMS 0x0000000519800000, 0x0000000519800000| Untracked 
|  44|0x000000051a000000, 0x000000051a000000, 0x000000051a800000|  0%| F|  |TAMS 0x000000051a000000, 0x000000051a000000| Untracked 
|  45|0x000000051a800000, 0x000000051a800000, 0x000000051b000000|  0%| F|  |TAMS 0x000000051a800000, 0x000000051a800000| Untracked 
|  46|0x000000051b000000, 0x000000051b000000, 0x000000051b800000|  0%| F|  |TAMS 0x000000051b000000, 0x000000051b000000| Untracked 
|  47|0x000000051b800000, 0x000000051b800000, 0x000000051c000000|  0%| F|  |TAMS 0x000000051b800000, 0x000000051b800000| Untracked 
|  48|0x000000051c000000, 0x000000051c000000, 0x000000051c800000|  0%| F|  |TAMS 0x000000051c000000, 0x000000051c000000| Untracked 
|  49|0x000000051c800000, 0x000000051c800000, 0x000000051d000000|  0%| F|  |TAMS 0x000000051c800000, 0x000000051c800000| Untracked 
|  50|0x000000051d000000, 0x000000051d000000, 0x000000051d800000|  0%| F|  |TAMS 0x000000051d000000, 0x000000051d000000| Untracked 
|  51|0x000000051d800000, 0x000000051d800000, 0x000000051e000000|  0%| F|  |TAMS 0x000000051d800000, 0x000000051d800000| Untracked 
|  52|0x000000051e000000, 0x000000051e000000, 0x000000051e800000|  0%| F|  |TAMS 0x000000051e000000, 0x000000051e000000| Untracked 
|  53|0x000000051e800000, 0x000000051e800000, 0x000000051f000000|  0%| F|  |TAMS 0x000000051e800000, 0x000000051e800000| Untracked 
|  54|0x000000051f000000, 0x000000051f000000, 0x000000051f800000|  0%| F|  |TAMS 0x000000051f000000, 0x000000051f000000| Untracked 
|  55|0x000000051f800000, 0x000000051f800000, 0x0000000520000000|  0%| F|  |TAMS 0x000000051f800000, 0x000000051f800000| Untracked 
|  56|0x0000000520000000, 0x0000000520000000, 0x0000000520800000|  0%| F|  |TAMS 0x0000000520000000, 0x0000000520000000| Untracked 
|  57|0x0000000520800000, 0x0000000520800000, 0x0000000521000000|  0%| F|  |TAMS 0x0000000520800000, 0x0000000520800000| Untracked 
|  58|0x0000000521000000, 0x0000000521000000, 0x0000000521800000|  0%| F|  |TAMS 0x0000000521000000, 0x0000000521000000| Untracked 
|  59|0x0000000521800000, 0x0000000521800000, 0x0000000522000000|  0%| F|  |TAMS 0x0000000521800000, 0x0000000521800000| Untracked 
|  60|0x0000000522000000, 0x0000000522000000, 0x0000000522800000|  0%| F|  |TAMS 0x0000000522000000, 0x0000000522000000| Untracked 
|  61|0x0000000522800000, 0x0000000522800000, 0x0000000523000000|  0%| F|  |TAMS 0x0000000522800000, 0x0000000522800000| Untracked 
|  62|0x0000000523000000, 0x0000000523000000, 0x0000000523800000|  0%| F|  |TAMS 0x0000000523000000, 0x0000000523000000| Untracked 
|  63|0x0000000523800000, 0x0000000523800000, 0x0000000524000000|  0%| F|  |TAMS 0x0000000523800000, 0x0000000523800000| Untracked 
|  64|0x0000000524000000, 0x0000000524000000, 0x0000000524800000|  0%| F|  |TAMS 0x0000000524000000, 0x0000000524000000| Untracked 
|  65|0x0000000524800000, 0x0000000524800000, 0x0000000525000000|  0%| F|  |TAMS 0x0000000524800000, 0x0000000524800000| Untracked 
|  66|0x0000000525000000, 0x0000000525000000, 0x0000000525800000|  0%| F|  |TAMS 0x0000000525000000, 0x0000000525000000| Untracked 
|  67|0x0000000525800000, 0x0000000525800000, 0x0000000526000000|  0%| F|  |TAMS 0x0000000525800000, 0x0000000525800000| Untracked 
|  68|0x0000000526000000, 0x0000000526000000, 0x0000000526800000|  0%| F|  |TAMS 0x0000000526000000, 0x0000000526000000| Untracked 
|  69|0x0000000526800000, 0x0000000526800000, 0x0000000527000000|  0%| F|  |TAMS 0x0000000526800000, 0x0000000526800000| Untracked 
|  70|0x0000000527000000, 0x0000000527000000, 0x0000000527800000|  0%| F|  |TAMS 0x0000000527000000, 0x0000000527000000| Untracked 
|  71|0x0000000527800000, 0x0000000527800000, 0x0000000528000000|  0%| F|  |TAMS 0x0000000527800000, 0x0000000527800000| Untracked 
|  72|0x0000000528000000, 0x0000000528000000, 0x0000000528800000|  0%| F|  |TAMS 0x0000000528000000, 0x0000000528000000| Untracked 
|  73|0x0000000528800000, 0x0000000528800000, 0x0000000529000000|  0%| F|  |TAMS 0x0000000528800000, 0x0000000528800000| Untracked 
|  74|0x0000000529000000, 0x0000000529000000, 0x0000000529800000|  0%| F|  |TAMS 0x0000000529000000, 0x0000000529000000| Untracked 
|  75|0x0000000529800000, 0x0000000529800000, 0x000000052a000000|  0%| F|  |TAMS 0x0000000529800000, 0x0000000529800000| Untracked 
|  76|0x000000052a000000, 0x000000052a000000, 0x000000052a800000|  0%| F|  |TAMS 0x000000052a000000, 0x000000052a000000| Untracked 
|  77|0x000000052a800000, 0x000000052a800000, 0x000000052b000000|  0%| F|  |TAMS 0x000000052a800000, 0x000000052a800000| Untracked 
|  78|0x000000052b000000, 0x000000052b000000, 0x000000052b800000|  0%| F|  |TAMS 0x000000052b000000, 0x000000052b000000| Untracked 
|  79|0x000000052b800000, 0x000000052b800000, 0x000000052c000000|  0%| F|  |TAMS 0x000000052b800000, 0x000000052b800000| Untracked 
|  80|0x000000052c000000, 0x000000052c000000, 0x000000052c800000|  0%| F|  |TAMS 0x000000052c000000, 0x000000052c000000| Untracked 
|  81|0x000000052c800000, 0x000000052c800000, 0x000000052d000000|  0%| F|  |TAMS 0x000000052c800000, 0x000000052c800000| Untracked 
|  82|0x000000052d000000, 0x000000052d000000, 0x000000052d800000|  0%| F|  |TAMS 0x000000052d000000, 0x000000052d000000| Untracked 
|  83|0x000000052d800000, 0x000000052d800000, 0x000000052e000000|  0%| F|  |TAMS 0x000000052d800000, 0x000000052d800000| Untracked 
|  84|0x000000052e000000, 0x000000052e000000, 0x000000052e800000|  0%| F|  |TAMS 0x000000052e000000, 0x000000052e000000| Untracked 
|  85|0x000000052e800000, 0x000000052e800000, 0x000000052f000000|  0%| F|  |TAMS 0x000000052e800000, 0x000000052e800000| Untracked 
|  86|0x000000052f000000, 0x000000052f000000, 0x000000052f800000|  0%| F|  |TAMS 0x000000052f000000, 0x000000052f000000| Untracked 
|  87|0x000000052f800000, 0x000000052f800000, 0x0000000530000000|  0%| F|  |TAMS 0x000000052f800000, 0x000000052f800000| Untracked 
|  88|0x0000000530000000, 0x0000000530000000, 0x0000000530800000|  0%| F|  |TAMS 0x0000000530000000, 0x0000000530000000| Untracked 
|  89|0x0000000530800000, 0x0000000530800000, 0x0000000531000000|  0%| F|  |TAMS 0x0000000530800000, 0x0000000530800000| Untracked 
|  90|0x0000000531000000, 0x0000000531000000, 0x0000000531800000|  0%| F|  |TAMS 0x0000000531000000, 0x0000000531000000| Untracked 
|  91|0x0000000531800000, 0x0000000531e83c08, 0x0000000532000000| 81%| S|CS|TAMS 0x0000000531800000, 0x0000000531800000| Complete 
|  92|0x0000000532000000, 0x0000000532000000, 0x0000000532800000|  0%| F|  |TAMS 0x0000000532000000, 0x0000000532000000| Untracked 
|  93|0x0000000532800000, 0x0000000532800000, 0x0000000533000000|  0%| F|  |TAMS 0x0000000532800000, 0x0000000532800000| Untracked 
|  94|0x0000000533000000, 0x000000053344df38, 0x0000000533800000| 53%| E|  |TAMS 0x0000000533000000, 0x0000000533000000| Complete 
|  95|0x0000000533800000, 0x0000000534000000, 0x0000000534000000|100%| E|CS|TAMS 0x0000000533800000, 0x0000000533800000| Complete 

Card table byte_map: [0x000001b24a410000,0x000001b24bbf0000] _byte_map_base: 0x000001b247bf0000

Marking Bits (Prev, Next): (CMBitMap*) 0x000001b23206c0f0, (CMBitMap*) 0x000001b23206c130
 Prev Bits: [0x000001b24d3d0000, 0x000001b2592d0000)
 Next Bits: [0x000001b2592d0000, 0x000001b2651d0000)

Polling page: 0x000001b22fd80000

Metaspace:

Usage:
  Non-class:     10.67 MB used.
      Class:      1.24 MB used.
       Both:     11.91 MB used.

Virtual space:
  Non-class space:       64.00 MB reserved,      10.75 MB ( 17%) committed,  1 nodes.
      Class space:        1.00 GB reserved,       1.38 MB ( <1%) committed,  1 nodes.
             Both:        1.06 GB reserved,      12.12 MB (  1%) committed. 

Chunk freelists:
   Non-Class:  963.00 KB
       Class:  2.58 MB
        Both:  3.52 MB

MaxMetaspaceSize: unlimited
CompressedClassSpaceSize: 1.00 GB
Initial GC threshold: 21.00 MB
Current GC threshold: 21.00 MB
CDS: on
MetaspaceReclaimPolicy: balanced
 - commit_granule_bytes: 65536.
 - commit_granule_words: 8192.
 - virtual_space_node_default_size: 8388608.
 - enlarge_chunks_in_place: 1.
 - new_chunks_are_fully_committed: 0.
 - uncommit_free_chunks: 1.
 - use_allocation_guard: 0.


Internal statistics:

num_allocs_failed_limit: 0.
num_arena_births: 208.
num_arena_deaths: 0.
num_vsnodes_births: 2.
num_vsnodes_deaths: 0.
num_space_committed: 194.
num_space_uncommitted: 0.
num_chunks_returned_to_freelist: 0.
num_chunks_taken_from_freelist: 380.
num_chunk_merges: 0.
num_chunk_splits: 229.
num_chunks_enlarged: 125.
num_inconsistent_stats: 0.

CodeHeap 'non-profiled nmethods': size=120000Kb used=664Kb max_used=664Kb free=119335Kb
 bounds [0x000001b2413d0000, 0x000001b241640000, 0x000001b248900000]
CodeHeap 'profiled nmethods': size=120000Kb used=3375Kb max_used=3375Kb free=116624Kb
 bounds [0x000001b239ea0000, 0x000001b23a1f0000, 0x000001b2413d0000]
CodeHeap 'non-nmethods': size=5760Kb used=1375Kb max_used=1409Kb free=4384Kb
 bounds [0x000001b239900000, 0x000001b239b70000, 0x000001b239ea0000]
 total_blobs=2344 nmethods=1713 adapters=543
 compilation: enabled
              stopped_count=0, restarted_count=0
 full_count=0

Compilation events (20 events):
Event: 278.877 Thread 0x000001b2653ab530 1705       3       java.lang.StringBuilder::<init> (6 bytes)
Event: 278.878 Thread 0x000001b2653ab530 nmethod 1705 0x000001b23a1e9a90 code [0x000001b23a1e9c20, 0x000001b23a1e9d68]
Event: 330.821 Thread 0x000001b2653a8af0 1706       4       org.eclipse.jdt.launching.internal.org.objectweb.asm.ClassReader::readUtf (161 bytes)
Event: 330.835 Thread 0x000001b2653a8af0 

Event: 343.936 Thread 0x000001b2653a8af0 1707       4       org.eclipse.jdt.launching.internal.org.objectweb.asm.ClassReader::readUtf (161 bytes)
Event: 343.949 Thread 0x000001b2653a8af0 

Event: 488.139 Thread 0x000001b2653ab530 1708       3       java.util.HashMap::isEmpty (13 bytes)
Event: 488.139 Thread 0x000001b2653ab530 nmethod 1708 0x000001b23a1e9e10 code [0x000001b23a1e9fa0, 0x000001b23a1ea118]
Event: 488.827 Thread 0x000001b2653ab530 1709       3       java.util.HashSet::isEmpty (8 bytes)
Event: 488.827 Thread 0x000001b2653ab530 nmethod 1709 0x000001b23a1ea190 code [0x000001b23a1ea320, 0x000001b23a1ea578]
Event: 532.976 Thread 0x000001b2653a8af0 1710       4       java.lang.System::getSecurityManager (12 bytes)
Event: 532.977 Thread 0x000001b2653a8af0 nmethod 1710 0x000001b241475690 code [0x000001b241475800, 0x000001b241475858]
Event: 533.044 Thread 0x000001b2653ab530 1712       3       sun.awt.AWTAutoShutdown::isReadyToShutdown (37 bytes)
Event: 533.044 Thread 0x000001b2653ab530 nmethod 1712 0x000001b23a1ea690 code [0x000001b23a1ea840, 0x000001b23a1eabb8]
Event: 538.873 Thread 0x000001b2653ab530 1713       3       java.util.IdentityHashMap::isEmpty (13 bytes)
Event: 538.873 Thread 0x000001b2653ab530 nmethod 1713 0x000001b23a1eac90 code [0x000001b23a1eae20, 0x000001b23a1eaf98]
Event: 564.982 Thread 0x000001b2653ab530 1714       3       sun.awt.AWTAutoShutdown::getInstance (4 bytes)
Event: 564.982 Thread 0x000001b2653ab530 nmethod 1714 0x000001b23a1eb010 code [0x000001b23a1eb1a0, 0x000001b23a1eb298]
Event: 573.257 Thread 0x000001b2653ab530 1715   !   3       sun.awt.AWTAutoShutdown::setToolkitBusy (124 bytes)
Event: 573.258 Thread 0x000001b2653ab530 nmethod 1715 0x000001b23a1eb310 code [0x000001b23a1eb520, 0x000001b23a1ebb48]

GC Heap History (2 events):
Event: 0.757 GC heap before
{Heap before GC invocations=0 (full 0):
 garbage-first heap   total 786432K, used 32768K [0x0000000504000000, 0x0000000800000000)
  region size 8192K, 4 young (32768K), 0 survivors (0K)
 Metaspace       used 7324K, committed 7552K, reserved 1114112K
  class space    used 779K, committed 896K, reserved 1048576K
}
Event: 0.761 GC heap after
{Heap after GC invocations=1 (full 0):
 garbage-first heap   total 786432K, used 6671K [0x0000000504000000, 0x0000000800000000)
  region size 8192K, 1 young (8192K), 1 survivors (8192K)
 Metaspace       used 7324K, committed 7552K, reserved 1114112K
  class space    used 779K, committed 896K, reserved 1048576K
}

Deoptimization events (20 events):
Event: 0.934 Thread 0x000001b231fdbe40 DEOPT PACKING pc=0x000001b24143ed9c sp=0x0000000bbf1fd3a0
Event: 0.934 Thread 0x000001b231fdbe40 DEOPT UNPACKING pc=0x000001b2399523a3 sp=0x0000000bbf1fd320 mode 2
Event: 0.934 Thread 0x000001b231fdbe40 Uncommon trap: trap_request=0xffffffc6 fr.pc=0x000001b24143ed9c relative=0x00000000000010bc
Event: 0.935 Thread 0x000001b231fdbe40 Uncommon trap: reason=bimorphic_or_optimized_type_check action=maybe_recompile pc=0x000001b24143ed9c method=java.util.HashMap.putVal(ILjava/lang/Object;Ljava/lang/Object;ZZ)Ljava/lang/Object; @ 56 c2
Event: 0.935 Thread 0x000001b231fdbe40 DEOPT PACKING pc=0x000001b24143ed9c sp=0x0000000bbf1fd3a0
Event: 0.935 Thread 0x000001b231fdbe40 DEOPT UNPACKING pc=0x000001b2399523a3 sp=0x0000000bbf1fd320 mode 2
Event: 0.937 Thread 0x000001b231fdbe40 Uncommon trap: trap_request=0xffffff45 fr.pc=0x000001b2414409c0 relative=0x0000000000000320
Event: 0.937 Thread 0x000001b231fdbe40 Uncommon trap: reason=unstable_if action=reinterpret pc=0x000001b2414409c0 method=java.util.HashMap.hash(Ljava/lang/Object;)I @ 1 c2
Event: 0.937 Thread 0x000001b231fdbe40 DEOPT PACKING pc=0x000001b2414409c0 sp=0x0000000bbf1fd450
Event: 0.937 Thread 0x000001b231fdbe40 DEOPT UNPACKING pc=0x000001b2399523a3 sp=0x0000000bbf1fd368 mode 2
Event: 0.952 Thread 0x000001b231fdbe40 Uncommon trap: trap_request=0xffffff45 fr.pc=0x000001b2414644d4 relative=0x0000000000000fb4
Event: 0.952 Thread 0x000001b231fdbe40 Uncommon trap: reason=unstable_if action=reinterpret pc=0x000001b2414644d4 method=java.util.HashMap.hash(Ljava/lang/Object;)I @ 1 c2
Event: 0.952 Thread 0x000001b231fdbe40 DEOPT PACKING pc=0x000001b2414644d4 sp=0x0000000bbf1fd390
Event: 0.952 Thread 0x000001b231fdbe40 DEOPT UNPACKING pc=0x000001b2399523a3 sp=0x0000000bbf1fd350 mode 2
Event: 1.002 Thread 0x000001b231fdbe40 DEOPT PACKING pc=0x000001b23a1a9829 sp=0x0000000bbf1fd060
Event: 1.002 Thread 0x000001b231fdbe40 DEOPT UNPACKING pc=0x000001b239952b43 sp=0x0000000bbf1fc418 mode 0
Event: 1.005 Thread 0x000001b231fdbe40 Uncommon trap: trap_request=0xffffffcc fr.pc=0x000001b2414739a4 relative=0x0000000000000284
Event: 1.005 Thread 0x000001b231fdbe40 Uncommon trap: reason=intrinsic_or_type_checked_inlining action=make_not_entrant pc=0x000001b2414739a4 method=java.util.Vector.toArray([Ljava/lang/Object;)[Ljava/lang/Object; @ 36 c2
Event: 1.005 Thread 0x000001b231fdbe40 DEOPT PACKING pc=0x000001b2414739a4 sp=0x0000000bbf1fd3f0
Event: 1.005 Thread 0x000001b231fdbe40 DEOPT UNPACKING pc=0x000001b2399523a3 sp=0x0000000bbf1fd390 mode 2

Classes loaded (20 events):
Event: 0.935 Loading class com/sun/swing/internal/plaf/basic/resources/basic_en_US
Event: 0.935 Loading class com/sun/swing/internal/plaf/basic/resources/basic_en_US done
Event: 0.935 Loading class sun/reflect/misc/ReflectUtil
Event: 0.935 Loading class sun/reflect/misc/ReflectUtil done
Event: 0.935 Loading class javax/swing/plaf/metal/MetalLabelUI
Event: 0.935 Loading class javax/swing/plaf/basic/BasicLabelUI
Event: 0.936 Loading class javax/swing/plaf/LabelUI
Event: 0.936 Loading class javax/swing/plaf/ComponentUI
Event: 0.936 Loading class javax/swing/plaf/ComponentUI done
Event: 0.936 Loading class javax/swing/plaf/LabelUI done
Event: 0.936 Loading class javax/swing/plaf/basic/BasicLabelUI done
Event: 0.936 Loading class javax/swing/plaf/metal/MetalLabelUI done
Event: 0.936 Loading class javax/swing/plaf/metal/DefaultMetalTheme$FontDelegate$1
Event: 0.936 Loading class javax/swing/plaf/metal/DefaultMetalTheme$FontDelegate$1 done
Event: 0.937 Loading class javax/swing/plaf/basic/BasicHTML
Event: 0.937 Loading class javax/swing/plaf/basic/BasicHTML done
Event: 1.901 Loading class sun/awt/AppContext$PostShutdownEventRunnable
Event: 1.901 Loading class sun/awt/AppContext$PostShutdownEventRunnable done
Event: 1.901 Loading class sun/awt/AWTAutoShutdown$1
Event: 1.901 Loading class sun/awt/AWTAutoShutdown$1 done

Classes unloaded (0 events):
No events

Classes redefined (5 events):
Event: 173.127 Thread 0x000001b232084f20 redefined class name=oliviaproject.chessboard.pgn.convertor.AbstractConvertor, count=1
Event: 320.163 Thread 0x000001b232084f20 redefined class name=oliviaproject.chessboard.pgn.PGNReader, count=1
Event: 330.823 Thread 0x000001b232084f20 redefined class name=oliviaproject.chessboard.pgn.PGNReader, count=2
Event: 343.938 Thread 0x000001b232084f20 redefined class name=oliviaproject.chessboard.pgn.PGNReader, count=3
Event: 746.415 Thread 0x000001b232084f20 redefined class name=oliviaproject.chessboard.pgn.convertor.Convertors, count=1

Internal exceptions (20 events):
Event: 0.501 Thread 0x000001b231fdbe40 Exception <a 'java/lang/IncompatibleClassChangeError'{0x0000000532865648}: Found class java.lang.Object, but interface was expected> (0x0000000532865648) 
thrown [s\open\src\hotspot\share\interpreter\linkResolver.cpp, line 826]
Event: 0.515 Thread 0x000001b231fdbe40 Exception <a 'java/lang/NoSuchMethodError'{0x0000000532918a78}: 'java.lang.Object java.lang.invoke.DirectMethodHandle$Holder.newInvokeSpecial(java.lang.Object, java.lang.Object, java.lang.Object, java.lang.Object, java.lang.Object)'> (0x0000000532918a78) 
thrown [s\open\src\hotspot\share\interpreter\linkResolver.cpp, line 759]
Event: 0.537 Thread 0x000001b231fdbe40 Exception <a 'java/lang/NoSuchMethodError'{0x0000000532a49fb8}: 'long java.lang.invoke.DirectMethodHandle$Holder.invokeSpecial(java.lang.Object, java.lang.Object)'> (0x0000000532a49fb8) 
thrown [s\open\src\hotspot\share\interpreter\linkResolver.cpp, line 759]
Event: 0.537 Thread 0x000001b231fdbe40 Exception <a 'java/lang/NoSuchMethodError'{0x0000000532a4d768}: 'long java.lang.invoke.Invokers$Holder.invokeExact_MT(java.lang.Object, java.lang.Object)'> (0x0000000532a4d768) 
thrown [s\open\src\hotspot\share\interpreter\linkResolver.cpp, line 759]
Event: 0.587 Thread 0x000001b231fdbe40 Exception <a 'java/lang/ClassNotFoundException'{0x0000000532d1d670}: javax/smartcardio/CardPermission> (0x0000000532d1d670) 
thrown [s\open\src\hotspot\share\classfile\systemDictionary.cpp, line 255]
Event: 0.591 Thread 0x000001b231fdbe40 Exception <a 'java/io/FileNotFoundException'{0x0000000532d2e468}> (0x0000000532d2e468) 
thrown [s\open\src\hotspot\share\prims\jni.cpp, line 516]
Event: 0.738 Thread 0x000001b231fdbe40 Exception <a 'java/lang/NoSuchMethodError'{0x0000000532773460}: 'void java.lang.invoke.DirectMethodHandle$Holder.invokeVirtual(java.lang.Object, java.lang.Object)'> (0x0000000532773460) 
thrown [s\open\src\hotspot\share\interpreter\linkResolver.cpp, line 759]
Event: 0.738 Thread 0x000001b231fdbe40 Exception <a 'java/lang/NoSuchMethodError'{0x0000000532776e60}: 'void java.lang.invoke.DirectMethodHandle$Holder.invokeSpecial(java.lang.Object, java.lang.Object, java.lang.Object)'> (0x0000000532776e60) 
thrown [s\open\src\hotspot\share\interpreter\linkResolver.cpp, line 759]
Event: 0.764 Thread 0x000001b231fdbe40 Exception <a 'java/lang/NoSuchMethodError'{0x0000000533838ef8}: 'org.slf4j.impl.StaticMDCBinder org.slf4j.impl.StaticMDCBinder.getSingleton()'> (0x0000000533838ef8) 
thrown [s\open\src\hotspot\share\interpreter\linkResolver.cpp, line 759]
Event: 0.779 Thread 0x000001b231fdbe40 Exception <a 'java/lang/ClassNotFoundException'{0x00000005338c8860}: sun/awt/resources/spi/awtProvider> (0x00000005338c8860) 
thrown [s\open\src\hotspot\share\classfile\systemDictionary.cpp, line 255]
Event: 0.787 Thread 0x000001b231fdbe40 Exception <a 'java/io/FileNotFoundException'{0x0000000533930aa8}> (0x0000000533930aa8) 
thrown [s\open\src\hotspot\share\prims\jni.cpp, line 516]
Event: 0.788 Thread 0x000001b231fdbe40 Exception <a 'java/io/FileNotFoundException'{0x00000005339322b8}> (0x00000005339322b8) 
thrown [s\open\src\hotspot\share\prims\jni.cpp, line 516]
Event: 0.820 Thread 0x000001b231fdbe40 Exception <a 'java/lang/NoSuchMethodError'{0x0000000533a84be8}: 'java.lang.Object java.lang.invoke.DirectMethodHandle$Holder.invokeStaticInit(java.lang.Object)'> (0x0000000533a84be8) 
thrown [s\open\src\hotspot\share\interpreter\linkResolver.cpp, line 759]
Event: 0.868 Thread 0x000001b231fdbe40 Exception <a 'java/lang/NoSuchMethodError'{0x0000000533c48348}: 'java.lang.Object java.lang.invoke.DirectMethodHandle$Holder.invokeSpecial(java.lang.Object, java.lang.Object, long, java.lang.Object, java.lang.Object, java.lang.Object, java.lang.Object, java.lang.Object, java.lang.Object)'> (0x0000000533c48348) 
thrown [s\open\src\hotspot\share\interpreter\linkResolver.cpp, line 759]
Event: 0.869 Thread 0x000001b231fdbe40 Exception <a 'java/lang/NoSuchMethodError'{0x0000000533c4cbd0}: 'java.lang.Object java.lang.invoke.DelegatingMethodHandle$Holder.reinvoke_L(java.lang.Object, long, java.lang.Object, java.lang.Object, java.lang.Object, java.lang.Object, java.lang.Object, java.lang.Object)'> (0x0000000533c4cbd0) 
thrown [s\open\src\hotspot\share\interpreter\linkResolver.cpp, line 759]
Event: 0.919 Thread 0x000001b231fdbe40 Exception <a 'java/lang/NoSuchMethodError'{0x0000000533e79008}: 'java.lang.Object java.lang.invoke.DirectMethodHandle$Holder.invokeStatic(java.lang.Object, int, java.lang.Object)'> (0x0000000533e79008) 
thrown [s\open\src\hotspot\share\interpreter\linkResolver.cpp, line 759]
Event: 0.934 Thread 0x000001b231fdbe40 Exception <a 'java/lang/ClassNotFoundException'{0x0000000533f5e258}: com/sun/swing/internal/plaf/metal/resources/spi/metalProvider> (0x0000000533f5e258) 
thrown [s\open\src\hotspot\share\classfile\systemDictionary.cpp, line 255]
Event: 0.935 Thread 0x000001b231fdbe40 Exception <a 'java/lang/ClassNotFoundException'{0x0000000533f64e00}: com/sun/swing/internal/plaf/basic/resources/spi/basicProvider> (0x0000000533f64e00) 
thrown [s\open\src\hotspot\share\classfile\systemDictionary.cpp, line 255]
Event: 0.937 Thread 0x000001b231fdbe40 Implicit null exception at 0x000001b2414406f1 to 0x000001b24144099c
Event: 0.952 Thread 0x000001b231fdbe40 Implicit null exception at 0x000001b241463561 to 0x000001b2414644b8

VM Operations (20 events):
Event: 702.684 Executing VM operation: get/set locals
Event: 702.684 Executing VM operation: get/set locals done
Event: 702.685 Executing VM operation: get/set locals
Event: 702.685 Executing VM operation: get/set locals done
Event: 702.685 Executing VM operation: get/set locals
Event: 702.685 Executing VM operation: get/set locals done
Event: 702.685 Executing VM operation: get/set locals
Event: 702.685 Executing VM operation: get/set locals done
Event: 702.685 Executing VM operation: get/set locals
Event: 702.685 Executing VM operation: get/set locals done
Event: 746.408 Executing VM operation: ChangeSingleStep
Event: 746.408 Executing VM operation: ChangeSingleStep done
Event: 746.408 Executing VM operation: ChangeSingleStep
Event: 746.408 Executing VM operation: ChangeSingleStep done
Event: 746.413 Executing VM operation: RedefineClasses
Event: 746.419 Executing VM operation: RedefineClasses done
Event: 746.420 Executing VM operation: ChangeSingleStep
Event: 746.420 Executing VM operation: ChangeSingleStep done
Event: 746.422 Executing VM operation: ChangeSingleStep
Event: 746.422 Executing VM operation: ChangeSingleStep done

Events (20 events):
Event: 440.516 Thread 0x000001b26c10d000 Thread added: 0x000001b26c10d000
Event: 441.539 Thread 0x000001b26c10d000 Thread exited: 0x000001b26c10d000
Event: 473.703 Thread 0x000001b26d17ba30 Thread added: 0x000001b26d17ba30
Event: 474.901 Thread 0x000001b26d17ba30 Thread exited: 0x000001b26d17ba30
Event: 488.056 Thread 0x000001b26d17ba30 Thread added: 0x000001b26d17ba30
Event: 491.330 Thread 0x000001b26d17ba30 Thread exited: 0x000001b26d17ba30
Event: 532.977 Thread 0x000001b26d17ba30 Thread added: 0x000001b26d17ba30
Event: 534.116 Thread 0x000001b26d17ba30 Thread exited: 0x000001b26d17ba30
Event: 538.710 Thread 0x000001b26d17ba30 Thread added: 0x000001b26d17ba30
Event: 541.169 Thread 0x000001b26d17ba30 Thread exited: 0x000001b26d17ba30
Event: 563.702 Thread 0x000001b26d17ba30 Thread added: 0x000001b26d17ba30
Event: 564.982 Thread 0x000001b26d17ba30 Thread exited: 0x000001b26d17ba30
Event: 573.183 Thread 0x000001b26d17ba30 Thread added: 0x000001b26d17ba30
Event: 575.731 Thread 0x000001b26d17ba30 Thread exited: 0x000001b26d17ba30
Event: 608.735 Thread 0x000001b26d17ba30 Thread added: 0x000001b26d17ba30
Event: 609.747 Thread 0x000001b26d17ba30 Thread exited: 0x000001b26d17ba30
Event: 615.321 Thread 0x000001b26d17ba30 Thread added: 0x000001b26d17ba30
Event: 616.321 Thread 0x000001b26d17ba30 Thread exited: 0x000001b26d17ba30
Event: 618.765 Thread 0x000001b26d17ba30 Thread added: 0x000001b26d17ba30
Event: 619.772 Thread 0x000001b26d17ba30 Thread exited: 0x000001b26d17ba30


Dynamic libraries:
0x00007ff7b1020000 - 0x00007ff7b1030000 	C:\Program Files\Java\jdk-18.0.2\bin\javaw.exe
0x00007ffb103b0000 - 0x00007ffb105a8000 	C:\Windows\SYSTEM32\ntdll.dll
0x00007ffb0f0c0000 - 0x00007ffb0f17d000 	C:\Windows\System32\KERNEL32.dll
0x00007ffb0d760000 - 0x00007ffb0d87f000 	C:\Windows\system32\hmpalert.dll
0x00007ffb0dfe0000 - 0x00007ffb0e2ae000 	C:\Windows\System32\KERNELBASE.dll
0x00007ffb0ddb0000 - 0x00007ffb0deb0000 	C:\Windows\System32\ucrtbase.dll
0x00007ffadd760000 - 0x00007ffadd77a000 	C:\Program Files\Java\jdk-18.0.2\bin\VCRUNTIME140.dll
0x00007ffb033b0000 - 0x00007ffb033c8000 	C:\Program Files\Java\jdk-18.0.2\bin\jli.dll
0x00007ffb0e530000 - 0x00007ffb0e5de000 	C:\Windows\System32\ADVAPI32.dll
0x00007ffb102d0000 - 0x00007ffb1036e000 	C:\Windows\System32\msvcrt.dll
0x00007ffb0f5e0000 - 0x00007ffb0f67c000 	C:\Windows\System32\sechost.dll
0x00007ffb0ef90000 - 0x00007ffb0f0b5000 	C:\Windows\System32\RPCRT4.dll
0x00007ffb0f440000 - 0x00007ffb0f5e0000 	C:\Windows\System32\USER32.dll
0x00007ffaf6e70000 - 0x00007ffaf710a000 	C:\Windows\WinSxS\amd64_microsoft.windows.common-controls_6595b64144ccf1df_6.0.19041.1110_none_60b5254171f9507e\COMCTL32.dll
0x00007ffb0dc20000 - 0x00007ffb0dc42000 	C:\Windows\System32\win32u.dll
0x00007ffb0f2b0000 - 0x00007ffb0f2da000 	C:\Windows\System32\GDI32.dll
0x00007ffb0e300000 - 0x00007ffb0e40b000 	C:\Windows\System32\gdi32full.dll
0x00007ffb0db80000 - 0x00007ffb0dc1d000 	C:\Windows\System32\msvcp_win.dll
0x00007ffaffac0000 - 0x00007ffaffaca000 	C:\Windows\SYSTEM32\VERSION.dll
0x00007ffb0f390000 - 0x00007ffb0f3c0000 	C:\Windows\System32\IMM32.DLL
0x00007ffaf5e80000 - 0x00007ffaf5e8c000 	C:\Program Files\Java\jdk-18.0.2\bin\vcruntime140_1.dll
0x00007ffad1cd0000 - 0x00007ffad1d5d000 	C:\Program Files\Java\jdk-18.0.2\bin\msvcp140.dll
0x00007ffacdcc0000 - 0x00007fface8d1000 	C:\Program Files\Java\jdk-18.0.2\bin\server\jvm.dll
0x00007ffb0fdf0000 - 0x00007ffb0fdf8000 	C:\Windows\System32\PSAPI.DLL
0x00007ffaf2800000 - 0x00007ffaf2827000 	C:\Windows\SYSTEM32\WINMM.dll
0x00007ffaeb7c0000 - 0x00007ffaeb7c9000 	C:\Windows\SYSTEM32\WSOCK32.dll
0x00007ffb0ffb0000 - 0x00007ffb1001b000 	C:\Windows\System32\WS2_32.dll
0x00007ffb0c130000 - 0x00007ffb0c142000 	C:\Windows\SYSTEM32\kernel.appcore.dll
0x00007ffadd750000 - 0x00007ffadd75a000 	C:\Program Files\Java\jdk-18.0.2\bin\jimage.dll
0x00007ffb0b510000 - 0x00007ffb0b6f4000 	C:\Windows\SYSTEM32\DBGHELP.DLL
0x00007ffaeeb00000 - 0x00007ffaeeb2c000 	C:\Windows\SYSTEM32\dbgcore.DLL
0x00007ffb0dee0000 - 0x00007ffb0df62000 	C:\Windows\System32\bcryptPrimitives.dll
0x00007ffadd5b0000 - 0x00007ffadd5eb000 	C:\Program Files\Java\jdk-18.0.2\bin\jdwp.dll
0x00007ffadd5a0000 - 0x00007ffadd5ae000 	C:\Program Files\Java\jdk-18.0.2\bin\instrument.dll
0x00007ffadd570000 - 0x00007ffadd595000 	C:\Program Files\Java\jdk-18.0.2\bin\java.dll
0x00007ffad1bf0000 - 0x00007ffad1cc6000 	C:\Program Files\Java\jdk-18.0.2\bin\jsvml.dll
0x00007ffb0f680000 - 0x00007ffb0fdc4000 	C:\Windows\System32\SHELL32.dll
0x00007ffb0b980000 - 0x00007ffb0c114000 	C:\Windows\SYSTEM32\windows.storage.dll
0x00007ffb0ec30000 - 0x00007ffb0ef84000 	C:\Windows\System32\combase.dll
0x00007ffb0d410000 - 0x00007ffb0d440000 	C:\Windows\SYSTEM32\Wldp.dll
0x00007ffb0e5e0000 - 0x00007ffb0e68d000 	C:\Windows\System32\SHCORE.dll
0x00007ffb0f3c0000 - 0x00007ffb0f415000 	C:\Windows\System32\shlwapi.dll
0x00007ffb0da10000 - 0x00007ffb0da2f000 	C:\Windows\SYSTEM32\profapi.dll
0x00007ffadd540000 - 0x00007ffadd54c000 	C:\Program Files\Java\jdk-18.0.2\bin\dt_socket.dll
0x00007ffb0cdf0000 - 0x00007ffb0ce2b000 	C:\Windows\SYSTEM32\IPHLPAPI.DLL
0x00007ffb0d170000 - 0x00007ffb0d1da000 	C:\Windows\system32\mswsock.dll
0x00007ffb0ce40000 - 0x00007ffb0cf0a000 	C:\Windows\SYSTEM32\DNSAPI.dll
0x00007ffb0f420000 - 0x00007ffb0f428000 	C:\Windows\System32\NSI.dll
0x00007ffaff190000 - 0x00007ffaff19a000 	C:\Windows\System32\rasadhlp.dll
0x00007ffafe530000 - 0x00007ffafe5b0000 	C:\Windows\System32\fwpuclnt.dll
0x00007ffb0deb0000 - 0x00007ffb0ded7000 	C:\Windows\System32\bcrypt.dll
0x00007ffadd1f0000 - 0x00007ffadd208000 	C:\Program Files\Java\jdk-18.0.2\bin\zip.dll
0x00007ffad9f80000 - 0x00007ffad9f93000 	C:\Program Files\Java\jdk-18.0.2\bin\net.dll
0x00007ffb0ca00000 - 0x00007ffb0cb0a000 	C:\Windows\SYSTEM32\WINHTTP.dll
0x00007ffad9f60000 - 0x00007ffad9f76000 	C:\Program Files\Java\jdk-18.0.2\bin\nio.dll
0x00007ffadb720000 - 0x00007ffadb730000 	C:\Program Files\Java\jdk-18.0.2\bin\verify.dll
0x00007ffaff0a0000 - 0x00007ffaff0b7000 	C:\Windows\SYSTEM32\dhcpcsvc6.DLL
0x00007ffaff080000 - 0x00007ffaff09d000 	C:\Windows\SYSTEM32\dhcpcsvc.DLL
0x00007ffad10b0000 - 0x00007ffad123f000 	C:\Program Files\Java\jdk-18.0.2\bin\awt.dll
0x00007ffb0eb60000 - 0x00007ffb0ec2d000 	C:\Windows\System32\OLEAUT32.dll
0x00007ffb0ad00000 - 0x00007ffb0ad90000 	C:\Windows\SYSTEM32\apphelp.dll
0x00007ffb0afd0000 - 0x00007ffb0afff000 	C:\Windows\system32\DWMAPI.DLL
0x00007ffb0ae90000 - 0x00007ffb0af2e000 	C:\Windows\system32\uxtheme.dll
0x00007ffad1b60000 - 0x00007ffad1be6000 	C:\Program Files\Java\jdk-18.0.2\bin\freetype.dll
0x00007ffad1000000 - 0x00007ffad10a8000 	C:\Program Files\Java\jdk-18.0.2\bin\fontmanager.dll
0x00007ffb0e410000 - 0x00007ffb0e525000 	C:\Windows\System32\MSCTF.dll
0x00007ffb0f180000 - 0x00007ffb0f2aa000 	C:\Windows\System32\ole32.dll

dbghelp: loaded successfully - version: 4.0.5 - missing functions: none
symbol engine: initialized successfully - sym options: 0x614 - pdb path: .;C:\Program Files\Java\jdk-18.0.2\bin;C:\Windows\SYSTEM32;C:\Windows\WinSxS\amd64_microsoft.windows.common-controls_6595b64144ccf1df_6.0.19041.1110_none_60b5254171f9507e;C:\Program Files\Java\jdk-18.0.2\bin\server

VM Arguments:
jvm_args: -XX:+ShowCodeDetailsInExceptionMessages -agentlib:jdwp=transport=dt_socket,suspend=y,address=localhost:49825 -ea -javaagent:C:\tools\eclipsejee\eclipse\configuration\org.eclipse.osgi\407\0\.cp\lib\javaagent-shaded.jar -Dfile.encoding=UTF-8 
java_command: org.eclipse.jdt.internal.junit.runner.RemoteTestRunner -version 3 -port 49824 -testLoaderClass org.eclipse.jdt.internal.junit4.runner.JUnit4TestLoader -loaderpluginname org.eclipse.jdt.junit4.runtime -classNames oliviaproject.chessboard.pgn.PGNReaderTest
java_class_path (initial): C:\Users\HaoNguyen\workspace\HAO\2021\onChessboard\bin\main;C:\Users\HaoNguyen\workspace\HAO\2021\onChessboard\bin\test;C:\Users\HaoNguyen\workspace\HAO\2021\onChessboard\bin\default;C:\Users\HaoNguyen\.gradle\caches\modules-2\files-2.1\com.sun.mail\javax.mail\1.6.1\757ba4630692bb2a1ec2d9d57a616b63f15e947e\javax.mail-1.6.1.jar;C:\Users\HaoNguyen\.gradle\caches\modules-2\files-2.1\org.apache.logging.log4j\log4j-core\2.11.1\592a48674c926b01a9a747c7831bcd82a9e6d6e4\log4j-core-2.11.1.jar;C:\Users\HaoNguyen\.gradle\caches\modules-2\files-2.1\org.jdom\jdom2\2.0.6\6f14738ec2e9dd0011e343717fa624a10f8aab64\jdom2-2.0.6.jar;C:\Users\HaoNguyen\.gradle\caches\modules-2\files-2.1\jaxen\jaxen\1.1.6\3f8c36d9a0578e8e98f030c662b69888b1430ac0\jaxen-1.1.6.jar;C:\Users\HaoNguyen\.gradle\caches\modules-2\files-2.1\commons-io\commons-io\2.5\2852e6e05fbb95076fc091f6d1780f1f8fe35e0f\commons-io-2.5.jar;C:\Users\HaoNguyen\.gradle\caches\modules-2\files-2.1\commons-collections\commons-collections\3.2\f951934aa5ae5a88d7e6dfaa6d32307d834a88be\commons-collections-3.2.jar;C:\Users\HaoNguyen\.gradle\caches\modules-2\files-2.1\ch.qos.logback\logback-classic\1.2.3\7c4f3c474fb2c041d8028740440937705ebb473a\logback-classic-1.2.3.jar;C:\Users\HaoNguyen\.gradle\caches\modules-2\files-2.1\org.slf4j\slf4j-api\1.7.25\da76ca59f6a57ee3102f8f9bd9cee742973efa8a\slf4j-api-1.7.25.jar;C:\Users\HaoNguyen\.gradle\caches\modules-2\files-2.1\ch.qos.logback\logback-core\1.2.3\864344400c3d4d92dfeb0a305dc87d953677c03c\logback-core-1.2.3.jar;C:\Users\HaoNguyen\.gradle\caches\modules-2\files-2.1\org.hibernate.common\hibernate-commons-annotations\6.0.2.Final\fa5a14ef3d2e5c3c99b53a4bef756a3268d69187\hibernate-commons-annotations-6.0.2.Final.jar;C:\Users\HaoNguyen\.gradle\caches\modules-2\files-2.1\org.jboss.logging\jboss-logging\3.4.3.Final\c4bd7e12a745c0e7f6cf98c45cdcdf482fd827ea\jboss-logging-3.4.3.Final.jar;C:\Users\HaoNguyen\.gradle\caches\modules-2\files-2.1\org.glassfish.jaxb\jaxb-runtime\3.0.2\9897322f5de201bfbfcd1f4f46ffdd4204673b3c\jaxb-runtime-3.0.2.jar;C:\Users\HaoNguyen\.gradle\caches\modules-2\files-2.1\org.glassfish.jaxb\jaxb-core\3.0.2\e83d0b0005525ddd8b8642bd0bb02227fcf871f1\jaxb-core-3.0.2.jar;C:\Users\HaoNguyen\.gradle\caches\modules-2\files-2.1\jakarta.xml.bind\jakarta.xml.bind-api\3.0.1\5257932df36ff3e4e6de50429dde946490a6a800\jakarta.xml.bind-api-3.0.1.jar;C:\Users\HaoNguyen\.gradle\caches\modules-2\files-2.1\com.fasterxml\classmate\1.5.1\3fe0bed568c62df5e89f4f174c101eab25345b6c\classmate-1.5.1.jar;C:\Users\HaoNguyen\.gradle\caches\modules-2\files-2.1\net.bytebuddy\byte-buddy\1.12.9\424ded9ef3496b0d997ce066f2166a4f7ec7b07a\byte-buddy-1.12.9.jar;C:\Users\HaoNguyen\.gradle\caches\modules-2\files-2.1\org.antlr\antlr4-runtime\4.10\9e0b9397cf8f81576c20129670fe2063b237f338\antlr4-runtime-4.10.jar;C:\Users\HaoNguyen\.gradle\caches\modules-2\files-2.1\org.springframework\spring-webmvc\4.3.4.RELEASE\79529d7ea72045e92e3dbeb0f4f6919093f47137\spring-webmvc-4.3.4.RELEASE.jar;C:\Users\HaoNguyen\.gradle\caches\modules-2\files-2.1\org.springframework.security\spring-security-web\3.2.3.RELEASE\715b0357d6585d5730cad91a263b8848ae19caa6\spring-security-web-3.2.3.RELEASE.jar;C:\Users\HaoNguyen\.gradle\caches\modules-2\files-2.1\org.springframework.security\spring-security-remoting\3.2.3.RELEASE\1dfa5144397da417ffd890830b10dcdf584eec3c\spring-security-remoting-3.2.3.RELEASE.jar;C:\Users\HaoNguyen\.gradle\caches\modules-2\files-2.1\org.springframework\spring-web\4.3.4.RELEASE\719f05404ba8a9de1516398d31d9622042584f0d\spring-web-4.3.4.RELEASE.jar;C:\Users\HaoNguyen\.gradle\caches\modules-2\files-2.1\org.springframework.security\spring-security-config\3.2.3.RELEASE\7274ca699e45bb9110ef5e801e0684ceb2e4d2db\spring-security-config-3.2.3.RELEASE.jar;C:\Users\HaoNguyen\.gradle\caches\modules-2\files-2.1\org.springframework\spring-orm\4.3.4.RELEASE\f83034fb7ab21434bdb8367fba81d08cfc44556a\spring-orm-4.3.4.RELEASE.jar;C:\Users\HaoNguyen\.gradle\caches\modules-2\files-2.1\org.springframework\spring-jdbc\4.3.4.RELEASE\42175d194cf6aa7c716c0887f30255e5c0a5262c\spring-jdbc-4.3.4.RELEASE.jar;C:\Users\HaoNguyen\.gradle\caches\modules-2\files-2.1\org.springframework\spring-context-support\4.3.4.RELEASE\cba7cf5a6363fb62e06750383340c94a12d8e9b5\spring-context-support-4.3.4.RELEASE.jar;C:\Users\HaoNguyen\.gradle\caches\modules-2\files-2.1\org.springframework.security\spring-security-core\3.2.3.RELEASE\76dffb9b355448255291533a8499ec801349b570\spring-security-core-3.2.3.RELEASE.jar;C:\Users\HaoNguyen\.gradle\caches\modules-2\files-2.1\org.springframework\spring-context\4.3.4.RELEASE\c8086505715fba4927fed3d7e3314692817413b6\spring-context-4.3.4.RELEASE.jar;C:\Users\HaoNguyen\.gradle\caches\modules-2\files-2.1\org.springframework\spring-aop\4.3.4.RELEASE\43f3d4a43a8dcc91137e092b981101332a645e4b\spring-aop-4.3.4.RELEASE.jar;C:\Users\HaoNguyen\.gradle\caches\modules-2\files-2.1\org.springframework\spring-tx\4.3.4.RELEASE\303d00338193c04312426325121572d2fc1d4ec5\spring-tx-4.3.4.RELEASE.jar;C:\Users\HaoNguyen\.gradle\caches\modules-2\files-2.1\org.springframework\spring-beans\4.3.4.RELEASE\4fbf4327d6c7f81c821f2d56e8695d394c7b930a\spring-beans-4.3.4.RELEASE.jar;C:\Users\HaoNguyen\.gradle\caches\modules-2\files-2.1\org.springframework\spring-expression\4.3.4.RELEASE\5573955b5373669be0e352a1eb5dc9c87b069cb6\spring-expression-4.3.4.RELEASE.jar;C:\Users\HaoNguyen\.gradle\caches\modules-2\files-2.1\org.springframework\spring-core\4.3.4.RELEASE\da373e491d3863477568896089ee9457bc316783\spring-core-4.3.4.RELEASE.jar;C:\Users\HaoNguyen\.gradle\caches\modules-2\files-2.1\org.springframework\spring-jms\4.3.4.RELEASE\4553cde48b3c0f90ca870ff2c83d731cae0f1974\spring-jms-4.3.4.RELEASE.jar;C:\Users\HaoNguyen\.gradle\caches\modules-2\files-2.1\javax.annotation\javax.annotation-api\1.3.2\934c04d3cfef185a8008e7bf34331b79730a9d43\javax.annotation-api-1.3.2.jar;C:\Users\HaoNguyen\.gradle\caches\modules-2\files-2.1\com.googlecode.java-diff-utils\diffutils\1.2.1\b716099bab8f2605aa3053824ece28f2b0ad1921\diffutils-1.2.1.jar;C:\Users\HaoNguyen\.gradle\caches\modules-2\files-2.1\com.google.guava\guava\18.0\cce0823396aa693798f8882e64213b1772032b09\guava-18.0.jar;C:\Users\HaoNguyen\.gradle\caches\modules-2\files-2.1\commons-lang\commons-lang\2.6\ce1edb914c94ebc388f086c6827e8bdeec71ac2\commons-lang-2.6.jar;C:\Users\HaoNguyen\.gradle\caches\modules-2\files-2.1\joda-time\joda-time\2.8.2\d27c24204c5e507b16fec01006b3d0f1ec42aed4\joda-time-2.8.2.jar;C:\Users\HaoNguyen\.gradle\caches\modules-2\files-2.1\javax.activation\activation\1.1\e6cb541461c2834bdea3eb920f1884d1eb508b50\activation-1.1.jar;C:\Users\HaoNguyen\.gradle\caches\modules-2\files-2.1\org.apache.logging.log4j\log4j-api\2.11.1\268f0fe4df3eefe052b57c87ec48517d64fb2a10\log4j-api-2.11.1.jar;C:\Users\HaoNguyen\.gradle\caches\modules-2\files-2.1\org.hibernate.orm\hibernate-core\6.1.2.Final\9d698d3ed3700b2d252b394b3c1fd696fe53fa67\hibernate-core-6.1.2.Final.jar;C:\Users\HaoNguyen\.gradle\caches\modules-2\files-2.1\com.sun.activation\jakarta.activation\2.0.1\828b80e886a52bb09fe41ff410b10b342f533ce1\jakarta.activation-2.0.1.jar;C:\Users\HaoNguyen\.gradle\caches\modules-2\files-2.1\aopalliance\aopalliance\1.0\235ba8b489512805ac13a8f9ea77a1ca5ebe3e8\aopalliance-1.0.jar;C:\Users\HaoNguyen\.gradle\caches\modules-2\files-2.1\commons-logging\commons-logging\1.2\4bfc12adfe4842bf07b657f0369c4cb522955686\commons-logging-1.2.jar;C:\Users\HaoNguyen\.gradle\caches\modules-2\files-2.1\jakarta.persistence\jakarta.persistence-api\3.0.0\affc7884a85b6876d438a88b5d21ea29b1cc2dd8\jakarta.persistence-api-3.0.0.jar;C:\Users\HaoNguyen\.gradle\caches\modules-2\files-2.1\jakarta.transaction\jakarta.transaction-api\2.0.0\24a0525b4acfbca4086d2f1278be3a084fe1c67d\jakarta.transaction-api-2.0.0.jar;C:\Users\HaoNguyen\.gradle\caches\modules-2\files-2.1\org.glassfish.jaxb\txw2\3.0.2\8c448a44cdcdbb5dd48ff2eb88cab858ed52cf91\txw2-3.0.2.jar;C:\Users\HaoNguyen\.gradle\caches\modules-2\files-2.1\com.sun.istack\istack-commons-runtime\4.0.1\4e25c41d338aad4a2c92d0020c9ae0335fad5099\istack-commons-runtime-4.0.1.jar;C:\Users\HaoNguyen\.gradle\caches\modules-2\files-2.1\org.jboss\jandex\2.4.2.Final\1e1c385990b258ff1a24c801e84aebbacf70eb39\jandex-2.4.2.Final.jar;C:\Users\HaoNguyen\.gradle\caches\modules-2\files-2.1\jakarta.inject\jakarta.inject-api\2.0.0\46fc8560b6fd17b78396d88f39c1a730457671f0\jakarta.inject-api-2.0.0.jar;C:\Users\HaoNguyen\.gradle\caches\modules-2\files-2.1\org.dbunit\dbunit\2.5.0\fd9e26e8c2c54770840daf448ce684938becc732\dbunit-2.5.0.jar;C:\Users\HaoNguyen\.gradle\caches\modules-2\files-2.1\commons-collections\commons-collections\3.2.1\761ea405b9b37ced573d2df0d1e3a4e0f9edc668\commons-collections-3.2.1.jar;C:\Users\HaoNguyen\.gradle\caches\modules-2\files-2.1\org.springframework\spring-test\4.3.4.RELEASE\a4e28d4eaaa6174928c3edf784faba78bfc046ec\spring-test-4.3.4.RELEASE.jar;C:\Users\HaoNguyen\.gradle\caches\modules-2\files-2.1\junit\junit\4.13.2\8ac9e16d933b6fb43bc7f576336b8f4d7eb5ba12\junit-4.13.2.jar;C:\Users\HaoNguyen\.gradle\caches\modules-2\files-2.1\org.mockito\mockito-all\1.9.5\79a8984096fc6591c1e3690e07d41be506356fa5\mockito-all-1.9.5.jar;C:\Users\HaoNguyen\.gradle\caches\modules-2\files-2.1\com.github.springtestdbunit\spring-test-dbunit\1.0.1\14c5bfe9a319c5f568a9d09a915bbf0926506227\spring-test-dbunit-1.0.1.jar;C:\Users\HaoNguyen\.gradle\caches\modules-2\files-2.1\javax.transaction\jta\1.1\2ca09f0b36ca7d71b762e14ea2ff09d5eac57558\jta-1.1.jar;C:\Users\HaoNguyen\.gradle\caches\modules-2\files-2.1\org.hamcrest\hamcrest-core\1.3\42a25dc3219429f0e5d060061f71acb49bf010a0\hamcrest-core-1.3.jar;C:\thirdparty\ojdbc8.jar;C:\tools\eclipsejee\eclipse\configuration\org.eclipse.osgi\405\0\.cp;C:\tools\eclipsejee\eclipse\configuration\org.eclipse.osgi\404\0\.cp
Launcher Type: SUN_STANDARD

[Global flags]
     intx CICompilerCount                          = 4                                         {product} {ergonomic}
     uint ConcGCThreads                            = 2                                         {product} {ergonomic}
     uint G1ConcRefinementThreads                  = 8                                         {product} {ergonomic}
   size_t G1HeapRegionSize                         = 8388608                                   {product} {ergonomic}
    uintx GCDrainStackTargetSize                   = 64                                        {product} {ergonomic}
   size_t InitialHeapSize                          = 805306368                                 {product} {ergonomic}
   size_t MarkStackSize                            = 4194304                                   {product} {ergonomic}
   size_t MaxHeapSize                              = 12817793024                               {product} {ergonomic}
   size_t MaxNewSize                               = 7683964928                                {product} {ergonomic}
   size_t MinHeapDeltaBytes                        = 8388608                                   {product} {ergonomic}
   size_t MinHeapSize                              = 8388608                                   {product} {ergonomic}
    uintx NonNMethodCodeHeapSize                   = 5839372                                {pd product} {ergonomic}
    uintx NonProfiledCodeHeapSize                  = 122909434                              {pd product} {ergonomic}
    uintx ProfiledCodeHeapSize                     = 122909434                              {pd product} {ergonomic}
    uintx ReservedCodeCacheSize                    = 251658240                              {pd product} {ergonomic}
     bool SegmentedCodeCache                       = true                                      {product} {ergonomic}
     bool ShowCodeDetailsInExceptionMessages       = true                                   {manageable} {command line}
   size_t SoftMaxHeapSize                          = 12817793024                            {manageable} {ergonomic}
     bool UseCompressedClassPointers               = true                           {product lp64_product} {ergonomic}
     bool UseCompressedOops                        = true                           {product lp64_product} {ergonomic}
     bool UseG1GC                                  = true                                      {product} {ergonomic}
     bool UseLargePagesIndividualAllocation        = false                                  {pd product} {ergonomic}

Logging:
Log output configuration:
 #0: stdout all=warning uptime,level,tags foldmultilines=false
 #1: stderr all=off uptime,level,tags foldmultilines=false

Environment Variables:
PATH=C:/tools/eclipsejee/eclipse//plugins/org.eclipse.justj.openjdk.hotspot.jre.full.win32.x86_64_17.0.3.v20220515-1416/jre/bin/server;C:/tools/eclipsejee/eclipse//plugins/org.eclipse.justj.openjdk.hotspot.jre.full.win32.x86_64_17.0.3.v20220515-1416/jre/bin;C:\Program Files (x86)\Common Files\Oracle\Java\javapath;c:\app\sap\ase-16_0\jobscheduler\bin;c:\app\sap\ase-16_0\dll;c:\app\sap\ase-16_0\bin;c:\app\sap\scc-3_3\bin;c:\app\sap\dbisql-16_0\bin;c:\app\sap\dataaccess64\adonet\dll;c:\app\sap\dataaccess\adonet\dll;c:\app\sap\dataaccess64\odbc\dll;c:\app\sap\dataaccess\odbc\dll;c:\app\sap\ocs-16_0\lib3p64;c:\app\sap\ocs-16_0\lib3p;c:\app\sap\ocs-16_0\dll;c:\app\sap\ocs-16_0\bin;c:\app\oracle\product\19c\bin;f:\temp\windows.x64_193000_db_home\bin;c:\windows\system32;c:\windows;c:\windows\system32\wbem;c:\windows\system32\windowspowershell\v1.0\;c:\windows\system32\openssh\;c:\programdata\chocolatey\bin;c:\program files\git\cmd;c:\program files (x86)\intel\intel(r) management engine components\dal;c:\program files\intel\intel(r) management engine components\dal;c:\program files\putty\;c:\program files\tortoisegit\bin;c:\program files\sliksvn\bin;c:\windows\system32;c:\windows;c:\windows\system32\wbem;c:\windows\system32\windowspowershell\v1.0\;c:\windows\system32\openssh\;c:\program files (x86)\webex\plugins;C:\Program Files\Intel\WiFi\bin\;C:\Program Files\Common Files\Intel\WirelessCommon\;C:\Users\HaoNguyen\AppData\Local\Microsoft\WindowsApps;C:\Users\Administrator\AppData\Local\Box\Box Edit\;C:\Program Files\Intel\WiFi\bin\;C:\Program Files\Common Files\Intel\WirelessCommon\;C:\Users\HaoNguyen\Documents\Calypso\onepager\OP_troubleshooting;C:\Program Files (x86)\groovy-3.0.8\bin;C:\tools\apache-maven-3.8.6\bin;C:\tools\gradle-7.5.1\bin;C:\Program Files\Java\jdk1.8.0_202\bin;;C:\tools\eclipsejee\eclipse;
USERNAME=HaoNguyen
OS=Windows_NT
PROCESSOR_IDENTIFIER=Intel64 Family 6 Model 142 Stepping 12, GenuineIntel



---------------  S Y S T E M  ---------------

OS:
 Windows 10 , 64 bit Build 19041 (10.0.19041.1889)
OS uptime: 0 days 1:13 hours

CPU: total 8 (initial active 8) (4 cores per cpu, 2 threads per core) family 6 model 142 stepping 12 microcode 0xea, cx8, cmov, fxsr, ht, mmx, 3dnowpref, sse, sse2, sse3, ssse3, sse4.1, sse4.2, popcnt, lzcnt, tsc, tscinvbit, avx, avx2, aes, erms, clmul, bmi1, bmi2, adx, fma, vzeroupper, clflush, clflushopt

Memory: 4k page, system-wide physical 48874M (36805M free)
TotalPageFile size 56042M (AvailPageFile size 41819M)
current process WorkingSet (physical memory assigned to process): 102M, peak: 108M
current process commit charge ("private bytes"): 899M, peak: 906M

vm_info: Java HotSpot(TM) 64-Bit Server VM (18.0.2+9-61) for windows-amd64 JRE (18.0.2+9-61), built on Jun  7 2022 13:09:01 by "mach5one" with MS VC++ 16.8 / 16.9 (VS2019)

END.
